2013-10-25 04:38:06 [SERVER] [INFO] Starting integrated minecraft server version 1.6.4
2013-10-25 04:38:06 [SERVER] [INFO] Generating keypair
2013-10-25 04:38:06 [SERVER] [INFO] Converting map!
2013-10-25 04:38:06 [SERVER] [INFO] Scanning folders...
2013-10-25 04:38:06 [SERVER] [INFO] Total conversion count is 0
2013-10-25 04:38:09 [SERVER] [INFO] Preparing start region for level 0
2013-10-25 04:38:10 [SERVER] [INFO] Preparing spawn area: 51%
2013-10-25 04:38:11 [SERVER] [INFO] Preparing spawn area: 88%
2013-10-25 04:38:11 [SERVER] [INFO] Player15[/127.0.0.1:0] logged in with entity id 0 at (861.5, 4.0, 93.5)
2013-10-25 04:38:11 [SERVER] [INFO] Player15 joined the game
2013-10-25 04:38:12 [SERVER] [INFO] Saving and pausing game...
2013-10-25 04:38:12 [SERVER] [INFO] Saving chunks for level 'Flat'/Overworld
2013-10-25 04:38:12 [SERVER] [INFO] Saving chunks for level 'Flat'/Nether
2013-10-25 04:38:12 [SERVER] [INFO] Saving chunks for level 'Flat'/The End
2013-10-25 04:38:35 [SERVER] [INFO] Saving and pausing game...
2013-10-25 04:38:35 [SERVER] [INFO] Saving chunks for level 'Flat'/Overworld
2013-10-25 04:38:35 [SERVER] [INFO] Saving chunks for level 'Flat'/Nether
2013-10-25 04:38:35 [SERVER] [INFO] Saving chunks for level 'Flat'/The End
2013-10-25 04:39:39 [SERVER] [INFO] * Player15 "yay"
2013-10-25 04:40:28 [SERVER] [INFO] Saving and pausing game...
2013-10-25 04:40:28 [SERVER] [INFO] Saving chunks for level 'Flat'/Overworld
2013-10-25 04:40:28 [SERVER] [INFO] Saving chunks for level 'Flat'/Nether
2013-10-25 04:40:28 [SERVER] [INFO] Saving chunks for level 'Flat'/The End
2013-10-25 04:40:29 [SERVER] [INFO] Stopping server
2013-10-25 04:40:29 [SERVER] [INFO] Saving players
2013-10-25 04:40:29 [SERVER] [INFO] Player15 left the game
2013-10-25 04:40:29 [SERVER] [INFO] Saving worlds
2013-10-25 04:40:29 [SERVER] [INFO] Saving chunks for level 'Flat'/Overworld
2013-10-25 04:40:29 [SERVER] [INFO] Saving chunks for level 'Flat'/Nether
2013-10-25 04:40:29 [SERVER] [INFO] Saving chunks for level 'Flat'/The End
2013-10-25 04:40:29 [SERVER] [INFO] Stopping server
2013-10-25 04:47:16 [SERVER] [INFO] Starting integrated minecraft server version 1.6.4
2013-10-25 04:47:16 [SERVER] [INFO] Generating keypair
2013-10-25 04:47:17 [SERVER] [INFO] Preparing start region for level 0
2013-10-25 04:47:17 [SERVER] [INFO] Player34[/127.0.0.1:0] logged in with entity id 17 at (862.2981872682943, 4.0, 90.69351933240452)
2013-10-25 04:47:17 [SERVER] [INFO] Player34 joined the game
2013-10-25 04:47:31 [SERVER] [INFO] Saving and pausing game...
2013-10-25 04:47:31 [SERVER] [INFO] Saving chunks for level 'Flat'/Overworld
2013-10-25 04:47:31 [SERVER] [INFO] Saving chunks for level 'Flat'/Nether
2013-10-25 04:47:31 [SERVER] [INFO] Saving chunks for level 'Flat'/The End
2013-10-25 04:47:36 [SERVER] [INFO] Stopping server
2013-10-25 04:47:36 [SERVER] [INFO] Saving players
2013-10-25 04:47:36 [SERVER] [INFO] Player34 left the game
2013-10-25 04:47:36 [SERVER] [INFO] Saving worlds
2013-10-25 04:47:36 [SERVER] [INFO] Saving chunks for level 'Flat'/Overworld
2013-10-25 04:47:36 [SERVER] [INFO] Saving chunks for level 'Flat'/Nether
2013-10-25 04:47:36 [SERVER] [INFO] Saving chunks for level 'Flat'/The End
2013-10-25 04:47:36 [SERVER] [INFO] Stopping server
2013-10-25 04:51:32 [SERVER] [INFO] Starting integrated minecraft server version 1.6.4
2013-10-25 04:51:32 [SERVER] [INFO] Generating keypair
2013-10-25 04:51:32 [SERVER] [INFO] Preparing start region for level 0
2013-10-25 04:51:33 [SERVER] [INFO] Player486[/127.0.0.1:0] logged in with entity id 15 at (861.2555297774139, 10.222581425870393, 90.55370867167326)
2013-10-25 04:51:33 [SERVER] [INFO] Player486 joined the game
2013-10-25 04:51:50 [SERVER] [INFO] Saving and pausing game...
2013-10-25 04:51:50 [SERVER] [INFO] Saving chunks for level 'Flat'/Overworld
2013-10-25 04:51:50 [SERVER] [INFO] Saving chunks for level 'Flat'/Nether
2013-10-25 04:51:50 [SERVER] [INFO] Saving chunks for level 'Flat'/The End
2013-10-25 04:51:51 [SERVER] [INFO] Stopping server
2013-10-25 04:51:51 [SERVER] [INFO] Saving players
2013-10-25 04:51:51 [SERVER] [INFO] Player486 left the game
2013-10-25 04:51:51 [SERVER] [INFO] Saving worlds
2013-10-25 04:51:51 [SERVER] [INFO] Saving chunks for level 'Flat'/Overworld
2013-10-25 04:51:51 [SERVER] [INFO] Saving chunks for level 'Flat'/Nether
2013-10-25 04:51:51 [SERVER] [INFO] Saving chunks for level 'Flat'/The End
2013-10-25 04:51:52 [SERVER] [INFO] Stopping server
2013-10-25 04:52:48 [SERVER] [INFO] Starting integrated minecraft server version 1.6.4
2013-10-25 04:52:48 [SERVER] [INFO] Generating keypair
2013-10-25 04:52:48 [SERVER] [INFO] Preparing start region for level 0
2013-10-25 04:52:49 [SERVER] [INFO] Player881[/127.0.0.1:0] logged in with entity id 15 at (861.6566667855953, 4.0, 90.42645586889394)
2013-10-25 04:52:49 [SERVER] [INFO] Player881 joined the game
2013-10-25 04:53:08 [SERVER] [INFO] Saving and pausing game...
2013-10-25 04:53:08 [SERVER] [INFO] Saving chunks for level 'Flat'/Overworld
2013-10-25 04:53:08 [SERVER] [INFO] Saving chunks for level 'Flat'/Nether
2013-10-25 04:53:08 [SERVER] [INFO] Saving chunks for level 'Flat'/The End
2013-10-25 04:53:30 [SERVER] [INFO] Stopping server
2013-10-25 04:53:30 [SERVER] [INFO] Saving players
2013-10-25 04:53:30 [SERVER] [INFO] Player881 left the game
2013-10-25 04:53:30 [SERVER] [INFO] Saving worlds
2013-10-25 04:53:30 [SERVER] [INFO] Saving chunks for level 'Flat'/Overworld
2013-10-25 04:53:30 [SERVER] [INFO] Saving chunks for level 'Flat'/Nether
2013-10-25 04:53:30 [SERVER] [INFO] Saving chunks for level 'Flat'/The End
2013-10-25 04:55:14 [SERVER] [INFO] Starting integrated minecraft server version 1.6.4
2013-10-25 04:55:14 [SERVER] [INFO] Generating keypair
2013-10-25 04:55:14 [SERVER] [INFO] Preparing start region for level 0
2013-10-25 04:55:15 [SERVER] [INFO] Player843[/127.0.0.1:0] logged in with entity id 17 at (861.6566667855953, 4.0, 90.42645586889394)
2013-10-25 04:55:15 [SERVER] [INFO] Player843 joined the game
2013-10-25 04:55:35 [SERVER] [INFO] Saving and pausing game...
2013-10-25 04:55:35 [SERVER] [INFO] Saving chunks for level 'Flat'/Overworld
2013-10-25 04:55:35 [SERVER] [INFO] Saving chunks for level 'Flat'/Nether
2013-10-25 04:55:35 [SERVER] [INFO] Saving chunks for level 'Flat'/The End
2013-10-25 04:55:40 [SERVER] [INFO] Stopping server
2013-10-25 04:55:40 [SERVER] [INFO] Saving players
2013-10-25 04:55:40 [SERVER] [INFO] Player843 left the game
2013-10-25 04:55:40 [SERVER] [INFO] Saving worlds
2013-10-25 04:55:40 [SERVER] [INFO] Saving chunks for level 'Flat'/Overworld
2013-10-25 04:55:40 [SERVER] [INFO] Saving chunks for level 'Flat'/Nether
2013-10-25 04:55:40 [SERVER] [INFO] Saving chunks for level 'Flat'/The End
2013-10-25 05:00:33 [SERVER] [INFO] Starting integrated minecraft server version 1.6.4
2013-10-25 05:00:33 [SERVER] [INFO] Generating keypair
2013-10-25 05:00:33 [SERVER] [INFO] Preparing start region for level 0
2013-10-25 05:00:34 [SERVER] [INFO] Player219[/127.0.0.1:0] logged in with entity id 16 at (843.6752281899145, 4.0, 90.72171798693378)
2013-10-25 05:00:34 [SERVER] [INFO] Player219 joined the game
2013-10-25 05:00:51 [SERVER] [INFO] Saving and pausing game...
2013-10-25 05:00:51 [SERVER] [INFO] Saving chunks for level 'Flat'/Overworld
2013-10-25 05:00:51 [SERVER] [INFO] Saving chunks for level 'Flat'/Nether
2013-10-25 05:00:51 [SERVER] [INFO] Saving chunks for level 'Flat'/The End
2013-10-25 05:00:52 [SERVER] [INFO] Stopping server
2013-10-25 05:00:52 [SERVER] [INFO] Saving players
2013-10-25 05:00:52 [SERVER] [INFO] Player219 left the game
2013-10-25 05:00:52 [SERVER] [INFO] Saving worlds
2013-10-25 05:00:52 [SERVER] [INFO] Saving chunks for level 'Flat'/Overworld
2013-10-25 05:00:52 [SERVER] [INFO] Saving chunks for level 'Flat'/Nether
2013-10-25 05:00:52 [SERVER] [INFO] Saving chunks for level 'Flat'/The End
2013-10-25 05:02:50 [SERVER] [INFO] Starting integrated minecraft server version 1.6.4
2013-10-25 05:02:50 [SERVER] [INFO] Generating keypair
2013-10-25 05:02:50 [SERVER] [INFO] Preparing start region for level 0
2013-10-25 05:02:51 [SERVER] [INFO] Player914[/127.0.0.1:0] logged in with entity id 17 at (841.1099152866933, 4.0, 104.38452305463397)
2013-10-25 05:02:51 [SERVER] [INFO] Player914 joined the game
2013-10-25 05:03:12 [SERVER] [INFO] Saving and pausing game...
2013-10-25 05:03:12 [SERVER] [INFO] Saving chunks for level 'Flat'/Overworld
2013-10-25 05:03:12 [SERVER] [INFO] Saving chunks for level 'Flat'/Nether
2013-10-25 05:03:12 [SERVER] [INFO] Saving chunks for level 'Flat'/The End
2013-10-25 05:03:14 [SERVER] [INFO] Stopping server
2013-10-25 05:03:14 [SERVER] [INFO] Saving players
2013-10-25 05:03:14 [SERVER] [INFO] Player914 left the game
2013-10-25 05:03:14 [SERVER] [INFO] Saving worlds
2013-10-25 05:03:14 [SERVER] [INFO] Saving chunks for level 'Flat'/Overworld
2013-10-25 05:03:14 [SERVER] [INFO] Saving chunks for level 'Flat'/Nether
2013-10-25 05:03:14 [SERVER] [INFO] Saving chunks for level 'Flat'/The End
2013-10-25 05:03:14 [SERVER] [INFO] Stopping server
2013-10-25 05:03:55 [SERVER] [INFO] Starting integrated minecraft server version 1.6.4
2013-10-25 05:03:55 [SERVER] [INFO] Generating keypair
2013-10-25 05:03:55 [SERVER] [INFO] Preparing start region for level 0
2013-10-25 05:03:56 [SERVER] [INFO] Player76[/127.0.0.1:0] logged in with entity id 19 at (836.8787912916837, 4.0, 93.54026305328662)
2013-10-25 05:03:56 [SERVER] [INFO] Player76 joined the game
2013-10-25 05:04:40 [SERVER] [INFO] Saving and pausing game...
2013-10-25 05:04:40 [SERVER] [INFO] Saving chunks for level 'Flat'/Overworld
2013-10-25 05:04:40 [SERVER] [INFO] Saving chunks for level 'Flat'/Nether
2013-10-25 05:04:40 [SERVER] [INFO] Saving chunks for level 'Flat'/The End
2013-10-25 05:04:42 [SERVER] [INFO] Stopping server
2013-10-25 05:04:42 [SERVER] [INFO] Saving players
2013-10-25 05:04:42 [SERVER] [INFO] Player76 left the game
2013-10-25 05:04:42 [SERVER] [INFO] Saving worlds
2013-10-25 05:04:42 [SERVER] [INFO] Saving chunks for level 'Flat'/Overworld
2013-10-25 05:04:42 [SERVER] [INFO] Saving chunks for level 'Flat'/Nether
2013-10-25 05:04:42 [SERVER] [INFO] Saving chunks for level 'Flat'/The End
2013-10-25 05:05:20 [SERVER] [INFO] Starting integrated minecraft server version 1.6.4
2013-10-25 05:05:20 [SERVER] [INFO] Generating keypair
2013-10-25 05:05:20 [SERVER] [INFO] Preparing start region for level 0
2013-10-25 05:05:21 [SERVER] [INFO] Player45[/127.0.0.1:0] logged in with entity id 20 at (824.7968795043508, 4.0, 114.94339493749153)
2013-10-25 05:05:21 [SERVER] [INFO] Player45 joined the game
2013-10-25 05:05:36 [SERVER] [INFO] Saving and pausing game...
2013-10-25 05:05:36 [SERVER] [INFO] Saving chunks for level 'Flat'/Overworld
2013-10-25 05:05:36 [SERVER] [INFO] Saving chunks for level 'Flat'/Nether
2013-10-25 05:05:36 [SERVER] [INFO] Saving chunks for level 'Flat'/The End
2013-10-25 05:05:37 [SERVER] [INFO] Stopping server
2013-10-25 05:05:37 [SERVER] [INFO] Saving players
2013-10-25 05:05:37 [SERVER] [INFO] Player45 left the game
2013-10-25 05:05:37 [SERVER] [INFO] Saving worlds
2013-10-25 05:05:37 [SERVER] [INFO] Saving chunks for level 'Flat'/Overworld
2013-10-25 05:05:37 [SERVER] [INFO] Saving chunks for level 'Flat'/Nether
2013-10-25 05:05:37 [SERVER] [INFO] Saving chunks for level 'Flat'/The End
2013-10-25 05:05:37 [SERVER] [INFO] Stopping server
2013-10-25 05:05:37 [SERVER] [INFO] Saving players
2013-10-25 05:05:37 [SERVER] [INFO] Saving worlds
2013-10-25 05:07:35 [SERVER] [INFO] Starting integrated minecraft server version 1.6.4
2013-10-25 05:07:35 [SERVER] [INFO] Generating keypair
2013-10-25 05:07:35 [SERVER] [INFO] Preparing start region for level 0
2013-10-25 05:07:36 [SERVER] [INFO] Player908[/127.0.0.1:0] logged in with entity id 20 at (825.4004473070322, 4.0, 110.93241437399404)
2013-10-25 05:07:36 [SERVER] [INFO] Player908 joined the game
2013-10-25 05:07:51 [SERVER] [INFO] Saving and pausing game...
2013-10-25 05:07:51 [SERVER] [INFO] Saving chunks for level 'Flat'/Overworld
2013-10-25 05:07:51 [SERVER] [INFO] Saving chunks for level 'Flat'/Nether
2013-10-25 05:07:51 [SERVER] [INFO] Saving chunks for level 'Flat'/The End
2013-10-25 05:07:54 [SERVER] [INFO] Stopping server
2013-10-25 05:07:54 [SERVER] [INFO] Saving players
2013-10-25 05:07:54 [SERVER] [INFO] Player908 left the game
2013-10-25 05:07:54 [SERVER] [INFO] Saving worlds
2013-10-25 05:07:54 [SERVER] [INFO] Saving chunks for level 'Flat'/Overworld
2013-10-25 05:07:54 [SERVER] [INFO] Saving chunks for level 'Flat'/Nether
2013-10-25 05:07:54 [SERVER] [INFO] Saving chunks for level 'Flat'/The End
2013-10-25 05:07:54 [SERVER] [INFO] Stopping server
2013-10-25 05:08:10 [SERVER] [INFO] Starting integrated minecraft server version 1.6.4
2013-10-25 05:08:10 [SERVER] [INFO] Generating keypair
2013-10-25 05:08:11 [SERVER] [INFO] Preparing start region for level 0
2013-10-25 05:08:11 [SERVER] [INFO] Player631[/127.0.0.1:0] logged in with entity id 21 at (837.006785596432, 4.0, 110.0198438901923)
2013-10-25 05:08:11 [SERVER] [INFO] Player631 joined the game
2013-10-25 05:09:31 [SERVER] [INFO] Saving and pausing game...
2013-10-25 05:09:31 [SERVER] [INFO] Saving chunks for level 'Flat'/Overworld
2013-10-25 05:09:31 [SERVER] [INFO] Saving chunks for level 'Flat'/Nether
2013-10-25 05:09:31 [SERVER] [INFO] Saving chunks for level 'Flat'/The End
2013-10-25 05:10:13 [SERVER] [INFO] Saving and pausing game...
2013-10-25 05:10:13 [SERVER] [INFO] Saving chunks for level 'Flat'/Overworld
2013-10-25 05:10:13 [SERVER] [INFO] Saving chunks for level 'Flat'/Nether
2013-10-25 05:10:13 [SERVER] [INFO] Saving chunks for level 'Flat'/The End
2013-10-25 05:10:14 [SERVER] [INFO] Stopping server
2013-10-25 05:10:14 [SERVER] [INFO] Saving players
2013-10-25 05:10:14 [SERVER] [INFO] Player631 left the game
2013-10-25 05:10:14 [SERVER] [INFO] Saving worlds
2013-10-25 05:10:14 [SERVER] [INFO] Saving chunks for level 'Flat'/Overworld
2013-10-25 05:10:14 [SERVER] [INFO] Saving chunks for level 'Flat'/Nether
2013-10-25 05:10:14 [SERVER] [INFO] Saving chunks for level 'Flat'/The End
2013-10-25 05:12:07 [SERVER] [INFO] Starting integrated minecraft server version 1.6.4
2013-10-25 05:12:07 [SERVER] [INFO] Generating keypair
2013-10-25 05:12:08 [SERVER] [INFO] Preparing start region for level 0
2013-10-25 05:12:09 [SERVER] [INFO] Player128[/127.0.0.1:0] logged in with entity id 25 at (865.7269513007855, 36.679788810419794, 114.76905403865403)
2013-10-25 05:12:09 [SERVER] [INFO] Player128 joined the game
2013-10-25 05:12:15 [SERVER] [INFO] Saving and pausing game...
2013-10-25 05:12:15 [SERVER] [INFO] Saving chunks for level 'Flat'/Overworld
2013-10-25 05:12:15 [SERVER] [INFO] Saving chunks for level 'Flat'/Nether
2013-10-25 05:12:15 [SERVER] [INFO] Saving chunks for level 'Flat'/The End
2013-10-25 05:12:41 [SERVER] [INFO] Saving and pausing game...
2013-10-25 05:12:41 [SERVER] [INFO] Saving chunks for level 'Flat'/Overworld
2013-10-25 05:12:41 [SERVER] [INFO] Saving chunks for level 'Flat'/Nether
2013-10-25 05:12:41 [SERVER] [INFO] Saving chunks for level 'Flat'/The End
2013-10-25 05:13:15 [SERVER] [INFO] Saving and pausing game...
2013-10-25 05:13:15 [SERVER] [INFO] Saving chunks for level 'Flat'/Overworld
2013-10-25 05:13:15 [SERVER] [INFO] Saving chunks for level 'Flat'/Nether
2013-10-25 05:13:15 [SERVER] [INFO] Saving chunks for level 'Flat'/The End
