2013-10-25 04:37:39 [CLIENT] [INFO] Setting user: Player15
2013-10-25 04:37:39 [CLIENT] [INFO] LWJGL Version: 2.9.0
2013-10-25 04:37:40 [CLIENT] [INFO] Reloading ResourceManager: Default
2013-10-25 04:37:42 [CLIENT] [INFO] Reloading ResourceManager: Default, FMLFileResourcePack:Forge Mod Loader, FMLFileResourcePack:Minecraft Forge, FMLFileResourcePack:Generic
2013-10-25 04:37:42 [CLIENT] [SEVERE] Using missing texture, unable to load: minecraft:textures/items/MISSING_ICON_ITEM_5256_genericItem.png
2013-10-25 04:37:42 [CLIENT] [INFO] Reloading ResourceManager: Default, FMLFileResourcePack:Forge Mod Loader, FMLFileResourcePack:Minecraft Forge, FMLFileResourcePack:Generic
2013-10-25 04:37:43 [CLIENT] [SEVERE] Using missing texture, unable to load: minecraft:textures/items/MISSING_ICON_ITEM_5256_genericItem.png
2013-10-25 04:37:43 [CLIENT] [SEVERE] Realms: Invalid session id
2013-10-25 04:38:31 [CLIENT] [INFO] [CHAT] Unknown command. Try /help for a list of commands
2013-10-25 04:38:32 [CLIENT] [INFO] [CHAT] Unknown command. Try /help for a list of commands
2013-10-25 04:38:58 [CLIENT] [INFO] [CHAT] --- Showing help page 1 of 4 (/help <page>) ---
2013-10-25 04:38:58 [CLIENT] [INFO] [CHAT] /clear <player> [item] [data]
2013-10-25 04:38:58 [CLIENT] [INFO] [CHAT] /debug <start|stop>
2013-10-25 04:38:58 [CLIENT] [INFO] [CHAT] /defaultgamemode <mode>
2013-10-25 04:38:58 [CLIENT] [INFO] [CHAT] /difficulty <new difficulty>
2013-10-25 04:38:58 [CLIENT] [INFO] [CHAT] /effect <player> <effect> [seconds] [amplifier]
2013-10-25 04:38:58 [CLIENT] [INFO] [CHAT] /enchant <player> <enchantment ID> [level]
2013-10-25 04:38:58 [CLIENT] [INFO] [CHAT] Use /forge <subcommand>. Subcommands are tps, track
2013-10-25 04:38:58 [CLIENT] [INFO] [CHAT] Tip: Use the <tab> key while typing a command to auto-complete the command or its arguments
2013-10-25 04:39:07 [CLIENT] [INFO] [CHAT] Usage: /me <action ...>
2013-10-25 04:39:23 [CLIENT] [INFO] [CHAT] Usage: /tell <player> <private message ...>
2013-10-25 04:39:39 [CLIENT] [INFO] [CHAT] * Player15 "yay"
2013-10-25 04:39:59 [CLIENT] [INFO] [CHAT] There is no such item with ID 5000
2013-10-25 04:40:29 [CLIENT] [INFO] Stopping!
2013-10-25 04:47:07 [CLIENT] [INFO] Setting user: Player34
2013-10-25 04:47:07 [CLIENT] [INFO] LWJGL Version: 2.9.0
2013-10-25 04:47:08 [CLIENT] [INFO] Reloading ResourceManager: Default
2013-10-25 04:47:10 [CLIENT] [INFO] Reloading ResourceManager: Default, FMLFileResourcePack:Forge Mod Loader, FMLFileResourcePack:Minecraft Forge, FMLFileResourcePack:Generic
2013-10-25 04:47:10 [CLIENT] [SEVERE] Using missing texture, unable to load: minecraft:textures/items/MISSING_ICON_ITEM_5256_genericItem.png
2013-10-25 04:47:10 [CLIENT] [INFO] Reloading ResourceManager: Default, FMLFileResourcePack:Forge Mod Loader, FMLFileResourcePack:Minecraft Forge, FMLFileResourcePack:Generic
2013-10-25 04:47:10 [CLIENT] [SEVERE] Using missing texture, unable to load: minecraft:textures/items/MISSING_ICON_ITEM_5256_genericItem.png
2013-10-25 04:47:11 [CLIENT] [SEVERE] Realms: Invalid session id
2013-10-25 04:47:36 [CLIENT] [INFO] Stopping!
2013-10-25 04:51:24 [CLIENT] [INFO] Setting user: Player486
2013-10-25 04:51:25 [CLIENT] [INFO] LWJGL Version: 2.9.0
2013-10-25 04:51:25 [CLIENT] [INFO] Reloading ResourceManager: Default
2013-10-25 04:51:27 [CLIENT] [INFO] Reloading ResourceManager: Default, FMLFileResourcePack:Forge Mod Loader, FMLFileResourcePack:Minecraft Forge, FMLFileResourcePack:Generic
2013-10-25 04:51:28 [CLIENT] [SEVERE] Using missing texture, unable to load: minecraft:textures/items/MISSING_ICON_ITEM_5256_genericItem.png
2013-10-25 04:51:28 [CLIENT] [INFO] Reloading ResourceManager: Default, FMLFileResourcePack:Forge Mod Loader, FMLFileResourcePack:Minecraft Forge, FMLFileResourcePack:Generic
2013-10-25 04:51:28 [CLIENT] [SEVERE] Using missing texture, unable to load: minecraft:textures/items/MISSING_ICON_ITEM_5256_genericItem.png
2013-10-25 04:51:29 [CLIENT] [SEVERE] Realms: Invalid session id
2013-10-25 04:51:51 [CLIENT] [INFO] Stopping!
2013-10-25 04:52:39 [CLIENT] [INFO] Setting user: Player881
2013-10-25 04:52:39 [CLIENT] [INFO] LWJGL Version: 2.9.0
2013-10-25 04:52:40 [CLIENT] [INFO] Reloading ResourceManager: Default
2013-10-25 04:52:41 [CLIENT] [INFO] Reloading ResourceManager: Default, FMLFileResourcePack:Forge Mod Loader, FMLFileResourcePack:Minecraft Forge, FMLFileResourcePack:Generic
2013-10-25 04:52:42 [CLIENT] [SEVERE] Using missing texture, unable to load: minecraft:textures/items/MISSING_ICON_ITEM_5256_genericItem.png
2013-10-25 04:52:42 [CLIENT] [INFO] Reloading ResourceManager: Default, FMLFileResourcePack:Forge Mod Loader, FMLFileResourcePack:Minecraft Forge, FMLFileResourcePack:Generic
2013-10-25 04:52:42 [CLIENT] [SEVERE] Using missing texture, unable to load: minecraft:textures/items/MISSING_ICON_ITEM_5256_genericItem.png
2013-10-25 04:52:43 [CLIENT] [SEVERE] Realms: Invalid session id
2013-10-25 04:53:30 [CLIENT] [INFO] Stopping!
2013-10-25 04:55:06 [CLIENT] [INFO] Setting user: Player843
2013-10-25 04:55:06 [CLIENT] [INFO] LWJGL Version: 2.9.0
2013-10-25 04:55:07 [CLIENT] [INFO] Reloading ResourceManager: Default
2013-10-25 04:55:09 [CLIENT] [INFO] Reloading ResourceManager: Default, FMLFileResourcePack:Forge Mod Loader, FMLFileResourcePack:Minecraft Forge, FMLFileResourcePack:Generic
2013-10-25 04:55:09 [CLIENT] [SEVERE] Using missing texture, unable to load: minecraft:textures/items/MISSING_ICON_ITEM_5256_genericItem.png
2013-10-25 04:55:09 [CLIENT] [INFO] Reloading ResourceManager: Default, FMLFileResourcePack:Forge Mod Loader, FMLFileResourcePack:Minecraft Forge, FMLFileResourcePack:Generic
2013-10-25 04:55:09 [CLIENT] [SEVERE] Using missing texture, unable to load: minecraft:textures/items/MISSING_ICON_ITEM_5256_genericItem.png
2013-10-25 04:55:10 [CLIENT] [SEVERE] Realms: Invalid session id
2013-10-25 04:55:40 [CLIENT] [INFO] Stopping!
2013-10-25 05:00:25 [CLIENT] [INFO] Setting user: Player219
2013-10-25 05:00:26 [CLIENT] [INFO] LWJGL Version: 2.9.0
2013-10-25 05:00:26 [CLIENT] [INFO] Reloading ResourceManager: Default
2013-10-25 05:00:28 [CLIENT] [INFO] Reloading ResourceManager: Default, FMLFileResourcePack:Forge Mod Loader, FMLFileResourcePack:Minecraft Forge, FMLFileResourcePack:Generic
2013-10-25 05:00:28 [CLIENT] [SEVERE] Using missing texture, unable to load: minecraft:textures/items/MISSING_ICON_ITEM_5256_genericItem.png
2013-10-25 05:00:28 [CLIENT] [INFO] Reloading ResourceManager: Default, FMLFileResourcePack:Forge Mod Loader, FMLFileResourcePack:Minecraft Forge, FMLFileResourcePack:Generic
2013-10-25 05:00:29 [CLIENT] [SEVERE] Using missing texture, unable to load: minecraft:textures/items/MISSING_ICON_ITEM_5256_genericItem.png
2013-10-25 05:00:30 [CLIENT] [SEVERE] Realms: Invalid session id
2013-10-25 05:00:52 [CLIENT] [INFO] Stopping!
2013-10-25 05:02:43 [CLIENT] [INFO] Setting user: Player914
2013-10-25 05:02:43 [CLIENT] [INFO] LWJGL Version: 2.9.0
2013-10-25 05:02:44 [CLIENT] [INFO] Reloading ResourceManager: Default
2013-10-25 05:02:46 [CLIENT] [INFO] Reloading ResourceManager: Default, FMLFileResourcePack:Forge Mod Loader, FMLFileResourcePack:Minecraft Forge, FMLFileResourcePack:Generic
2013-10-25 05:02:46 [CLIENT] [SEVERE] Using missing texture, unable to load: minecraft:textures/items/MISSING_ICON_ITEM_5256_genericItem.png
2013-10-25 05:02:46 [CLIENT] [INFO] Reloading ResourceManager: Default, FMLFileResourcePack:Forge Mod Loader, FMLFileResourcePack:Minecraft Forge, FMLFileResourcePack:Generic
2013-10-25 05:02:46 [CLIENT] [SEVERE] Using missing texture, unable to load: minecraft:textures/items/MISSING_ICON_ITEM_5256_genericItem.png
2013-10-25 05:02:48 [CLIENT] [SEVERE] Realms: Invalid session id
2013-10-25 05:03:14 [CLIENT] [INFO] Stopping!
2013-10-25 05:03:29 [CLIENT] [INFO] Setting user: Player904
2013-10-25 05:03:29 [CLIENT] [INFO] LWJGL Version: 2.9.0
2013-10-25 05:03:30 [CLIENT] [INFO] Reloading ResourceManager: Default
2013-10-25 05:03:31 [CLIENT] [INFO] Reloading ResourceManager: Default, FMLFileResourcePack:Forge Mod Loader, FMLFileResourcePack:Minecraft Forge, FMLFileResourcePack:Generic
2013-10-25 05:03:32 [CLIENT] [SEVERE] Using missing texture, unable to load: minecraft:textures/items/MISSING_ICON_ITEM_5256_genericItem.png
2013-10-25 05:03:32 [CLIENT] [INFO] Reloading ResourceManager: Default, FMLFileResourcePack:Forge Mod Loader, FMLFileResourcePack:Minecraft Forge, FMLFileResourcePack:Generic
2013-10-25 05:03:32 [CLIENT] [SEVERE] Using missing texture, unable to load: minecraft:textures/items/MISSING_ICON_ITEM_5256_genericItem.png
2013-10-25 05:03:33 [CLIENT] [SEVERE] Realms: Invalid session id
2013-10-25 05:03:36 [CLIENT] [INFO] Stopping!
2013-10-25 05:03:48 [CLIENT] [INFO] Setting user: Player76
2013-10-25 05:03:48 [CLIENT] [INFO] LWJGL Version: 2.9.0
2013-10-25 05:03:49 [CLIENT] [INFO] Reloading ResourceManager: Default
2013-10-25 05:03:51 [CLIENT] [INFO] Reloading ResourceManager: Default, FMLFileResourcePack:Forge Mod Loader, FMLFileResourcePack:Minecraft Forge, FMLFileResourcePack:Generic
2013-10-25 05:03:51 [CLIENT] [SEVERE] Using missing texture, unable to load: minecraft:textures/items/MISSING_ICON_ITEM_5256_genericItem.png
2013-10-25 05:03:51 [CLIENT] [INFO] Reloading ResourceManager: Default, FMLFileResourcePack:Forge Mod Loader, FMLFileResourcePack:Minecraft Forge, FMLFileResourcePack:Generic
2013-10-25 05:03:51 [CLIENT] [SEVERE] Using missing texture, unable to load: minecraft:textures/items/MISSING_ICON_ITEM_5256_genericItem.png
2013-10-25 05:03:52 [CLIENT] [SEVERE] Realms: Invalid session id
2013-10-25 05:04:42 [CLIENT] [INFO] Stopping!
2013-10-25 05:05:12 [CLIENT] [INFO] Setting user: Player45
2013-10-25 05:05:12 [CLIENT] [INFO] LWJGL Version: 2.9.0
2013-10-25 05:05:13 [CLIENT] [INFO] Reloading ResourceManager: Default
2013-10-25 05:05:15 [CLIENT] [INFO] Reloading ResourceManager: Default, FMLFileResourcePack:Forge Mod Loader, FMLFileResourcePack:Minecraft Forge, FMLFileResourcePack:Generic
2013-10-25 05:05:15 [CLIENT] [SEVERE] Using missing texture, unable to load: minecraft:textures/items/MISSING_ICON_ITEM_5256_genericItem.png
2013-10-25 05:05:15 [CLIENT] [INFO] Reloading ResourceManager: Default, FMLFileResourcePack:Forge Mod Loader, FMLFileResourcePack:Minecraft Forge, FMLFileResourcePack:Generic
2013-10-25 05:05:15 [CLIENT] [SEVERE] Using missing texture, unable to load: minecraft:textures/items/MISSING_ICON_ITEM_5256_genericItem.png
2013-10-25 05:05:16 [CLIENT] [SEVERE] Realms: Invalid session id
2013-10-25 05:05:37 [CLIENT] [INFO] Stopping!
2013-10-25 05:07:28 [CLIENT] [INFO] Setting user: Player908
2013-10-25 05:07:28 [CLIENT] [INFO] LWJGL Version: 2.9.0
2013-10-25 05:07:29 [CLIENT] [INFO] Reloading ResourceManager: Default
2013-10-25 05:07:31 [CLIENT] [INFO] Reloading ResourceManager: Default, FMLFileResourcePack:Forge Mod Loader, FMLFileResourcePack:Minecraft Forge, FMLFileResourcePack:Generic
2013-10-25 05:07:31 [CLIENT] [SEVERE] Using missing texture, unable to load: minecraft:textures/items/MISSING_ICON_ITEM_5256_genericItem.png
2013-10-25 05:07:31 [CLIENT] [INFO] Reloading ResourceManager: Default, FMLFileResourcePack:Forge Mod Loader, FMLFileResourcePack:Minecraft Forge, FMLFileResourcePack:Generic
2013-10-25 05:07:31 [CLIENT] [SEVERE] Using missing texture, unable to load: minecraft:textures/items/MISSING_ICON_ITEM_5256_genericItem.png
2013-10-25 05:07:32 [CLIENT] [SEVERE] Realms: Invalid session id
2013-10-25 05:07:54 [CLIENT] [INFO] Stopping!
2013-10-25 05:08:03 [CLIENT] [INFO] Setting user: Player631
2013-10-25 05:08:04 [CLIENT] [INFO] LWJGL Version: 2.9.0
2013-10-25 05:08:04 [CLIENT] [INFO] Reloading ResourceManager: Default
2013-10-25 05:08:06 [CLIENT] [INFO] Reloading ResourceManager: Default, FMLFileResourcePack:Forge Mod Loader, FMLFileResourcePack:Minecraft Forge, FMLFileResourcePack:Generic
2013-10-25 05:08:07 [CLIENT] [SEVERE] Using missing texture, unable to load: minecraft:textures/items/MISSING_ICON_ITEM_5256_genericItem.png
2013-10-25 05:08:07 [CLIENT] [INFO] Reloading ResourceManager: Default, FMLFileResourcePack:Forge Mod Loader, FMLFileResourcePack:Minecraft Forge, FMLFileResourcePack:Generic
2013-10-25 05:08:07 [CLIENT] [SEVERE] Using missing texture, unable to load: minecraft:textures/items/MISSING_ICON_ITEM_5256_genericItem.png
2013-10-25 05:08:08 [CLIENT] [SEVERE] Realms: Invalid session id
2013-10-25 05:10:16 [CLIENT] [INFO] Stopping!
2013-10-25 05:11:59 [CLIENT] [INFO] Setting user: Player128
2013-10-25 05:11:59 [CLIENT] [INFO] LWJGL Version: 2.9.0
2013-10-25 05:12:00 [CLIENT] [INFO] Reloading ResourceManager: Default
2013-10-25 05:12:02 [CLIENT] [INFO] Reloading ResourceManager: Default, FMLFileResourcePack:Forge Mod Loader, FMLFileResourcePack:Minecraft Forge, FMLFileResourcePack:Generic
2013-10-25 05:12:02 [CLIENT] [SEVERE] Using missing texture, unable to load: minecraft:textures/items/MISSING_ICON_ITEM_5256_genericItem.png
2013-10-25 05:12:02 [CLIENT] [INFO] Reloading ResourceManager: Default, FMLFileResourcePack:Forge Mod Loader, FMLFileResourcePack:Minecraft Forge, FMLFileResourcePack:Generic
2013-10-25 05:12:02 [CLIENT] [SEVERE] Using missing texture, unable to load: minecraft:textures/items/MISSING_ICON_ITEM_5256_genericItem.png
2013-10-25 05:12:03 [CLIENT] [SEVERE] Realms: Invalid session id
